<?xml version="1.0" encoding="UTF-8"?>
<!-- Generated by org.testng.reporters.JUnitReportReporter -->
<testsuite hostname="DESKTOP-HOF3APB" failures="0" tests="2" name="test.LoginTest" time="15.807" errors="0" timestamp="2024-04-06T13:32:50 CDT" skipped="0">
  <testcase classname="test.LoginTest" name="validUserShouldBeAbleToLogin" time="12.775"/>
  <testcase classname="test.LoginTest" name="validateAlertMessages" time="3.032"/>
</testsuite> <!-- test.LoginTest -->
